{"C:\\Users\\Amit\\Desktop\\eoxysit Assignment\\src\\app.ts": {"path":"C:\\Users\\Amit\\Desktop\\eoxysit Assignment\\src\\app.ts","statementMap":{"0":{"start":{"line":1,"column":0},"end":{"line":1,"column":30}},"1":{"start":{"line":2,"column":0},"end":{"line":2,"column":36}},"2":{"start":{"line":3,"column":12},"end":{"line":3,"column":21}},"3":{"start":{"line":5,"column":0},"end":{"line":5,"column":24}},"4":{"start":{"line":8,"column":0},"end":{"line":8,"column":24}},"5":{"start":{"line":11,"column":0},"end":{"line":11,"column":19}}},"fnMap":{},"branchMap":{},"s":{"0":1,"1":1,"2":1,"3":1,"4":1,"5":1},"f":{},"b":{}}
,"C:\\Users\\Amit\\Desktop\\eoxysit Assignment\\src\\controllers\\employee.ts": {"path":"C:\\Users\\Amit\\Desktop\\eoxysit Assignment\\src\\controllers\\employee.ts","statementMap":{"0":{"start":{"line":2,"column":0},"end":{"line":2,"column":42}},"1":{"start":{"line":3,"column":0},"end":{"line":3,"column":42}},"2":{"start":{"line":6,"column":0},"end":{"line":6,"column":28}},"3":{"start":{"line":9,"column":30},"end":{"line":37,"column":2}},"4":{"start":{"line":9,"column":68},"end":{"line":37,"column":2}},"5":{"start":{"line":10,"column":2},"end":{"line":36,"column":null}},"6":{"start":{"line":11,"column":78},"end":{"line":11,"column":86}},"7":{"start":{"line":13,"column":23},"end":{"line":13,"column":25}},"8":{"start":{"line":14,"column":27},"end":{"line":14,"column":66}},"9":{"start":{"line":16,"column":29},"end":{"line":16,"column":61}},"10":{"start":{"line":17,"column":4},"end":{"line":19,"column":null}},"11":{"start":{"line":18,"column":6},"end":{"line":18,"column":91}},"12":{"start":{"line":21,"column":24},"end":{"line":27,"column":6}},"13":{"start":{"line":29,"column":26},"end":{"line":29,"column":50}},"14":{"start":{"line":31,"column":4},"end":{"line":31,"column":64}},"15":{"start":{"line":33,"column":4},"end":{"line":33,"column":40}},"16":{"start":{"line":35,"column":4},"end":{"line":35,"column":65}},"17":{"start":{"line":9,"column":13},"end":{"line":9,"column":30}},"18":{"start":{"line":41,"column":30},"end":{"line":62,"column":2}},"19":{"start":{"line":41,"column":68},"end":{"line":62,"column":2}},"20":{"start":{"line":42,"column":2},"end":{"line":61,"column":null}},"21":{"start":{"line":43,"column":19},"end":{"line":43,"column":29}},"22":{"start":{"line":44,"column":71},"end":{"line":44,"column":79}},"23":{"start":{"line":46,"column":28},"end":{"line":49,"column":null}},"24":{"start":{"line":52,"column":4},"end":{"line":54,"column":null}},"25":{"start":{"line":53,"column":6},"end":{"line":53,"column":67}},"26":{"start":{"line":56,"column":4},"end":{"line":56,"column":66}},"27":{"start":{"line":58,"column":4},"end":{"line":58,"column":30}},"28":{"start":{"line":60,"column":4},"end":{"line":60,"column":65}},"29":{"start":{"line":41,"column":13},"end":{"line":41,"column":30}},"30":{"start":{"line":64,"column":30},"end":{"line":80,"column":2}},"31":{"start":{"line":64,"column":68},"end":{"line":80,"column":2}},"32":{"start":{"line":65,"column":2},"end":{"line":79,"column":null}},"33":{"start":{"line":66,"column":19},"end":{"line":66,"column":29}},"34":{"start":{"line":68,"column":28},"end":{"line":68,"column":64}},"35":{"start":{"line":70,"column":4},"end":{"line":72,"column":null}},"36":{"start":{"line":71,"column":6},"end":{"line":71,"column":67}},"37":{"start":{"line":74,"column":4},"end":{"line":74,"column":66}},"38":{"start":{"line":76,"column":4},"end":{"line":76,"column":30}},"39":{"start":{"line":78,"column":4},"end":{"line":78,"column":65}},"40":{"start":{"line":64,"column":13},"end":{"line":64,"column":30}},"41":{"start":{"line":84,"column":23},"end":{"line":96,"column":2}},"42":{"start":{"line":84,"column":76},"end":{"line":96,"column":2}},"43":{"start":{"line":85,"column":2},"end":{"line":95,"column":null}},"44":{"start":{"line":86,"column":24},"end":{"line":90,"column":6}},"45":{"start":{"line":92,"column":4},"end":{"line":92,"column":29}},"46":{"start":{"line":94,"column":4},"end":{"line":94,"column":55}}},"fnMap":{"0":{"name":"(anonymous_8)","decl":{"start":{"line":9,"column":30},"end":{"line":9,"column":37}},"loc":{"start":{"line":9,"column":68},"end":{"line":37,"column":2}}},"1":{"name":"(anonymous_9)","decl":{"start":{"line":9,"column":68},"end":{"line":9,"column":null}},"loc":{"start":{"line":9,"column":68},"end":{"line":37,"column":1}}},"2":{"name":"(anonymous_10)","decl":{"start":{"line":41,"column":30},"end":{"line":41,"column":37}},"loc":{"start":{"line":41,"column":68},"end":{"line":62,"column":2}}},"3":{"name":"(anonymous_11)","decl":{"start":{"line":41,"column":68},"end":{"line":41,"column":null}},"loc":{"start":{"line":41,"column":68},"end":{"line":62,"column":1}}},"4":{"name":"(anonymous_12)","decl":{"start":{"line":64,"column":30},"end":{"line":64,"column":37}},"loc":{"start":{"line":64,"column":68},"end":{"line":80,"column":2}}},"5":{"name":"(anonymous_13)","decl":{"start":{"line":64,"column":68},"end":{"line":64,"column":null}},"loc":{"start":{"line":64,"column":68},"end":{"line":80,"column":1}}},"6":{"name":"(anonymous_14)","decl":{"start":{"line":84,"column":23},"end":{"line":84,"column":30}},"loc":{"start":{"line":84,"column":76},"end":{"line":96,"column":2}}},"7":{"name":"(anonymous_15)","decl":{"start":{"line":84,"column":76},"end":{"line":84,"column":null}},"loc":{"start":{"line":84,"column":76},"end":{"line":96,"column":1}}}},"branchMap":{"0":{"loc":{"start":{"line":17,"column":4},"end":{"line":19,"column":null}},"type":"if","locations":[{"start":{"line":17,"column":4},"end":{"line":19,"column":null}}]},"1":{"loc":{"start":{"line":52,"column":4},"end":{"line":54,"column":null}},"type":"if","locations":[{"start":{"line":52,"column":4},"end":{"line":54,"column":null}}]},"2":{"loc":{"start":{"line":70,"column":4},"end":{"line":72,"column":null}},"type":"if","locations":[{"start":{"line":70,"column":4},"end":{"line":72,"column":null}}]}},"s":{"0":1,"1":1,"2":1,"3":1,"4":1,"5":1,"6":1,"7":1,"8":1,"9":1,"10":1,"11":0,"12":1,"13":1,"14":1,"15":1,"16":0,"17":1,"18":1,"19":1,"20":1,"21":1,"22":1,"23":1,"24":1,"25":0,"26":1,"27":1,"28":0,"29":1,"30":1,"31":1,"32":1,"33":1,"34":1,"35":1,"36":0,"37":1,"38":1,"39":0,"40":1,"41":1,"42":3,"43":3,"44":3,"45":3,"46":0},"f":{"0":1,"1":1,"2":1,"3":1,"4":1,"5":1,"6":3,"7":3},"b":{"0":[0],"1":[0],"2":[0]}}
,"C:\\Users\\Amit\\Desktop\\eoxysit Assignment\\src\\models\\Employee.ts": {"path":"C:\\Users\\Amit\\Desktop\\eoxysit Assignment\\src\\models\\Employee.ts","statementMap":{"0":{"start":{"line":1,"column":0},"end":{"line":1,"column":52}},"1":{"start":{"line":4,"column":23},"end":{"line":23,"column":2}},"2":{"start":{"line":25,"column":17},"end":{"line":25,"column":64}},"3":{"start":{"line":27,"column":0},"end":{"line":27,"column":24}}},"fnMap":{},"branchMap":{},"s":{"0":1,"1":1,"2":1,"3":1},"f":{},"b":{}}
,"C:\\Users\\Amit\\Desktop\\eoxysit Assignment\\src\\models\\auditLog.ts": {"path":"C:\\Users\\Amit\\Desktop\\eoxysit Assignment\\src\\models\\auditLog.ts","statementMap":{"0":{"start":{"line":1,"column":0},"end":{"line":1,"column":48}},"1":{"start":{"line":5,"column":23},"end":{"line":19,"column":2}},"2":{"start":{"line":21,"column":17},"end":{"line":21,"column":64}},"3":{"start":{"line":23,"column":0},"end":{"line":23,"column":24}}},"fnMap":{},"branchMap":{},"s":{"0":1,"1":1,"2":1,"3":1},"f":{},"b":{}}
,"C:\\Users\\Amit\\Desktop\\eoxysit Assignment\\src\\routes\\index.ts": {"path":"C:\\Users\\Amit\\Desktop\\eoxysit Assignment\\src\\routes\\index.ts","statementMap":{"0":{"start":{"line":1,"column":0},"end":{"line":1,"column":30}},"1":{"start":{"line":3,"column":0},"end":{"line":3,"column":43}},"2":{"start":{"line":4,"column":15},"end":{"line":4,"column":31}},"3":{"start":{"line":6,"column":0},"end":{"line":6,"column":34}},"4":{"start":{"line":8,"column":0},"end":{"line":8,"column":22}}},"fnMap":{},"branchMap":{},"s":{"0":1,"1":1,"2":1,"3":1,"4":1},"f":{},"b":{}}
,"C:\\Users\\Amit\\Desktop\\eoxysit Assignment\\src\\routes\\employee\\employee.ts": {"path":"C:\\Users\\Amit\\Desktop\\eoxysit Assignment\\src\\routes\\employee\\employee.ts","statementMap":{"0":{"start":{"line":1,"column":0},"end":{"line":1,"column":30}},"1":{"start":{"line":2,"column":0},"end":{"line":2,"column":null}},"2":{"start":{"line":8,"column":15},"end":{"line":8,"column":31}},"3":{"start":{"line":10,"column":0},"end":{"line":10,"column":33}},"4":{"start":{"line":11,"column":0},"end":{"line":11,"column":35}},"5":{"start":{"line":12,"column":0},"end":{"line":12,"column":38}},"6":{"start":{"line":14,"column":0},"end":{"line":14,"column":22}}},"fnMap":{},"branchMap":{},"s":{"0":1,"1":1,"2":1,"3":1,"4":1,"5":1,"6":1},"f":{},"b":{}}
}
