TN:
SF:src\controllers\employee.ts
FN:9,(anonymous_8)
FN:9,(anonymous_9)
FN:41,(anonymous_10)
FN:41,(anonymous_11)
FN:64,(anonymous_12)
FN:64,(anonymous_13)
FN:84,(anonymous_14)
FN:84,(anonymous_15)
FNF:8
FNH:2
FNDA:1,(anonymous_8)
FNDA:1,(anonymous_9)
FNDA:0,(anonymous_10)
FNDA:0,(anonymous_11)
FNDA:0,(anonymous_12)
FNDA:0,(anonymous_13)
FNDA:0,(anonymous_14)
FNDA:0,(anonymous_15)
DA:2,1
DA:3,1
DA:6,1
DA:9,1
DA:10,1
DA:11,1
DA:13,1
DA:14,1
DA:16,0
DA:17,0
DA:18,0
DA:21,0
DA:29,0
DA:31,0
DA:33,0
DA:35,1
DA:41,1
DA:42,0
DA:43,0
DA:44,0
DA:46,0
DA:52,0
DA:53,0
DA:56,0
DA:58,0
DA:60,0
DA:64,1
DA:65,0
DA:66,0
DA:68,0
DA:70,0
DA:71,0
DA:74,0
DA:76,0
DA:78,0
DA:84,1
DA:85,0
DA:86,0
DA:92,0
DA:94,0
LF:40
LH:12
BRDA:17,0,0,0
BRDA:52,1,0,0
BRDA:70,2,0,0
BRF:3
BRH:0
end_of_record
TN:
SF:src\models\Employee.ts
FNF:0
FNH:0
DA:1,1
DA:4,1
DA:25,1
DA:27,1
LF:4
LH:4
BRF:0
BRH:0
end_of_record
TN:
SF:src\models\auditLog.ts
FNF:0
FNH:0
DA:1,1
DA:5,1
DA:21,1
DA:23,1
LF:4
LH:4
BRF:0
BRH:0
end_of_record
