TN:
SF:src\app.ts
FNF:0
FNH:0
DA:1,1
DA:2,1
DA:3,1
DA:5,1
DA:8,1
DA:11,1
LF:6
LH:6
BRF:0
BRH:0
end_of_record
TN:
SF:src\controllers\employee.ts
FN:9,(anonymous_8)
FN:9,(anonymous_9)
FN:41,(anonymous_10)
FN:41,(anonymous_11)
FN:64,(anonymous_12)
FN:64,(anonymous_13)
FN:84,(anonymous_14)
FN:84,(anonymous_15)
FNF:8
FNH:8
FNDA:1,(anonymous_8)
FNDA:1,(anonymous_9)
FNDA:1,(anonymous_10)
FNDA:1,(anonymous_11)
FNDA:1,(anonymous_12)
FNDA:1,(anonymous_13)
FNDA:3,(anonymous_14)
FNDA:3,(anonymous_15)
DA:2,1
DA:3,1
DA:6,1
DA:9,1
DA:10,1
DA:11,1
DA:13,1
DA:14,1
DA:16,1
DA:17,1
DA:18,0
DA:21,1
DA:29,1
DA:31,1
DA:33,1
DA:35,0
DA:41,1
DA:42,1
DA:43,1
DA:44,1
DA:46,1
DA:52,1
DA:53,0
DA:56,1
DA:58,1
DA:60,0
DA:64,1
DA:65,1
DA:66,1
DA:68,1
DA:70,1
DA:71,0
DA:74,1
DA:76,1
DA:78,0
DA:84,3
DA:85,3
DA:86,3
DA:92,3
DA:94,0
LF:40
LH:33
BRDA:17,0,0,0
BRDA:52,1,0,0
BRDA:70,2,0,0
BRF:3
BRH:0
end_of_record
TN:
SF:src\models\Employee.ts
FNF:0
FNH:0
DA:1,1
DA:4,1
DA:25,1
DA:27,1
LF:4
LH:4
BRF:0
BRH:0
end_of_record
TN:
SF:src\models\auditLog.ts
FNF:0
FNH:0
DA:1,1
DA:5,1
DA:21,1
DA:23,1
LF:4
LH:4
BRF:0
BRH:0
end_of_record
TN:
SF:src\routes\index.ts
FNF:0
FNH:0
DA:1,1
DA:3,1
DA:4,1
DA:6,1
DA:8,1
LF:5
LH:5
BRF:0
BRH:0
end_of_record
TN:
SF:src\routes\employee\employee.ts
FNF:0
FNH:0
DA:1,1
DA:2,1
DA:8,1
DA:10,1
DA:11,1
DA:12,1
DA:14,1
LF:7
LH:7
BRF:0
BRH:0
end_of_record
